<?xml version="1.0" encoding="UTF-8" ?>
<testsuite failures="0" time="0.057" errors="0" skipped="0" tests="1" name="com.pogodin.jdbcTM.AppTest">
  <properties>
    <property name="java.runtime.name" value="Java(TM) SE Runtime Environment"/>
    <property name="sun.boot.library.path" value="C:\Program Files\Java\jre6\bin"/>
    <property name="java.vm.version" value="16.0-b13"/>
    <property name="java.vm.vendor" value="Sun Microsystems Inc."/>
    <property name="java.vendor.url" value="http://java.sun.com/"/>
    <property name="path.separator" value=";"/>
    <property name="java.vm.name" value="Java HotSpot(TM) Client VM"/>
    <property name="file.encoding.pkg" value="sun.io"/>
    <property name="user.country" value="RU"/>
    <property name="sun.java.launcher" value="SUN_STANDARD"/>
    <property name="sun.os.patch.level" value=""/>
    <property name="java.vm.specification.name" value="Java Virtual Machine Specification"/>
    <property name="user.dir" value="D:\Dev\workspace\jdbcTM\pom.xml\jdbcTM"/>
    <property name="java.runtime.version" value="1.6.0_18-b07"/>
    <property name="java.awt.graphicsenv" value="sun.awt.Win32GraphicsEnvironment"/>
    <property name="basedir" value="D:\Dev\workspace\jdbcTM\pom.xml\jdbcTM"/>
    <property name="java.endorsed.dirs" value="C:\Program Files\Java\jre6\lib\endorsed"/>
    <property name="os.arch" value="x86"/>
    <property name="surefire.real.class.path" value="D:\Dev\workspace\jdbcTM\pom.xml\jdbcTM\target\surefire\surefirebooter2410409504248489157.jar"/>
    <property name="java.io.tmpdir" value="C:\Users\elias\AppData\Local\Temp\"/>
    <property name="line.separator" value="
"/>
    <property name="java.vm.specification.vendor" value="Sun Microsystems Inc."/>
    <property name="user.variant" value=""/>
    <property name="os.name" value="Windows 7"/>
    <property name="sun.jnu.encoding" value="Cp1251"/>
    <property name="java.library.path" value="C:\Program Files\Java\jre6\bin;.;C:\Windows\Sun\Java\bin;C:\Windows\system32;C:\Windows;C:/Program Files/Java/jre6/bin/client;C:/Program Files/Java/jre6/bin;C:/Program Files/Java/jre6/lib/i386;C:\Windows\system32;C:\Windows;C:\Windows\System32\Wbem;C:\Windows\System32\WindowsPowerShell\v1.0\;c:\Program Files\Microsoft SQL Server\90\Tools\binn\;D:\Dev\apache-ant\bin;C:\Progra~1\Java\jdk\bin;D:\Dev\SlikSvn\bin\;C:\Program Files\QuickTime\QTSystem\;D:\Dev\tomcat-6.0.29\bin;;D:\Dev\maven\3.0.2\bin;D:\Dev\TortoiseSVN\bin;D:\Dev\mySQL\mySQL5.1\bin"/>
    <property name="surefire.test.class.path" value="D:\Dev\workspace\jdbcTM\pom.xml\jdbcTM\target\test-classes;D:\Dev\workspace\jdbcTM\pom.xml\jdbcTM\target\classes;D:\Dev\maven_repo\junit\junit\3.8.1\junit-3.8.1.jar;D:\Dev\maven_repo\org\hibernate\hibernate-core\3.3.2.GA\hibernate-core-3.3.2.GA.jar;D:\Dev\maven_repo\antlr\antlr\2.7.6\antlr-2.7.6.jar;D:\Dev\maven_repo\commons-collections\commons-collections\3.1\commons-collections-3.1.jar;D:\Dev\maven_repo\dom4j\dom4j\1.6.1\dom4j-1.6.1.jar;D:\Dev\maven_repo\xml-apis\xml-apis\1.0.b2\xml-apis-1.0.b2.jar;D:\Dev\maven_repo\javax\transaction\jta\1.1\jta-1.1.jar;D:\Dev\maven_repo\org\slf4j\slf4j-api\1.5.8\slf4j-api-1.5.8.jar;D:\Dev\maven_repo\org\hibernate\hibernate-annotations\3.4.0.GA\hibernate-annotations-3.4.0.GA.jar;D:\Dev\maven_repo\org\hibernate\ejb3-persistence\1.0.2.GA\ejb3-persistence-1.0.2.GA.jar;D:\Dev\maven_repo\org\hibernate\hibernate-commons-annotations\3.3.0.ga\hibernate-commons-annotations-3.3.0.ga.jar;D:\Dev\maven_repo\org\hibernate\hibernate\3.2.1.ga\hibernate-3.2.1.ga.jar;D:\Dev\maven_repo\net\sf\ehcache\ehcache\1.2.3\ehcache-1.2.3.jar;D:\Dev\maven_repo\commons-logging\commons-logging\1.0.4\commons-logging-1.0.4.jar;D:\Dev\maven_repo\asm\asm-attrs\1.5.3\asm-attrs-1.5.3.jar;D:\Dev\maven_repo\cglib\cglib\2.1_3\cglib-2.1_3.jar;D:\Dev\maven_repo\asm\asm\1.5.3\asm-1.5.3.jar;D:\Dev\maven_repo\javax\persistence\persistence-api\1.0\persistence-api-1.0.jar;"/>
    <property name="java.specification.name" value="Java Platform API Specification"/>
    <property name="java.class.version" value="50.0"/>
    <property name="sun.management.compiler" value="HotSpot Client Compiler"/>
    <property name="os.version" value="6.1"/>
    <property name="user.home" value="C:\Users\elias"/>
    <property name="user.timezone" value=""/>
    <property name="java.awt.printerjob" value="sun.awt.windows.WPrinterJob"/>
    <property name="java.specification.version" value="1.6"/>
    <property name="file.encoding" value="Cp1251"/>
    <property name="user.name" value="elias"/>
    <property name="java.class.path" value="D:\Dev\workspace\jdbcTM\pom.xml\jdbcTM\target\test-classes;D:\Dev\workspace\jdbcTM\pom.xml\jdbcTM\target\classes;D:\Dev\maven_repo\junit\junit\3.8.1\junit-3.8.1.jar;D:\Dev\maven_repo\org\hibernate\hibernate-core\3.3.2.GA\hibernate-core-3.3.2.GA.jar;D:\Dev\maven_repo\antlr\antlr\2.7.6\antlr-2.7.6.jar;D:\Dev\maven_repo\commons-collections\commons-collections\3.1\commons-collections-3.1.jar;D:\Dev\maven_repo\dom4j\dom4j\1.6.1\dom4j-1.6.1.jar;D:\Dev\maven_repo\xml-apis\xml-apis\1.0.b2\xml-apis-1.0.b2.jar;D:\Dev\maven_repo\javax\transaction\jta\1.1\jta-1.1.jar;D:\Dev\maven_repo\org\slf4j\slf4j-api\1.5.8\slf4j-api-1.5.8.jar;D:\Dev\maven_repo\org\hibernate\hibernate-annotations\3.4.0.GA\hibernate-annotations-3.4.0.GA.jar;D:\Dev\maven_repo\org\hibernate\ejb3-persistence\1.0.2.GA\ejb3-persistence-1.0.2.GA.jar;D:\Dev\maven_repo\org\hibernate\hibernate-commons-annotations\3.3.0.ga\hibernate-commons-annotations-3.3.0.ga.jar;D:\Dev\maven_repo\org\hibernate\hibernate\3.2.1.ga\hibernate-3.2.1.ga.jar;D:\Dev\maven_repo\net\sf\ehcache\ehcache\1.2.3\ehcache-1.2.3.jar;D:\Dev\maven_repo\commons-logging\commons-logging\1.0.4\commons-logging-1.0.4.jar;D:\Dev\maven_repo\asm\asm-attrs\1.5.3\asm-attrs-1.5.3.jar;D:\Dev\maven_repo\cglib\cglib\2.1_3\cglib-2.1_3.jar;D:\Dev\maven_repo\asm\asm\1.5.3\asm-1.5.3.jar;D:\Dev\maven_repo\javax\persistence\persistence-api\1.0\persistence-api-1.0.jar;"/>
    <property name="java.vm.specification.version" value="1.0"/>
    <property name="sun.arch.data.model" value="32"/>
    <property name="java.home" value="C:\Program Files\Java\jre6"/>
    <property name="java.specification.vendor" value="Sun Microsystems Inc."/>
    <property name="user.language" value="ru"/>
    <property name="awt.toolkit" value="sun.awt.windows.WToolkit"/>
    <property name="java.vm.info" value="mixed mode, sharing"/>
    <property name="java.version" value="1.6.0_18"/>
    <property name="java.ext.dirs" value="C:\Program Files\Java\jre6\lib\ext;C:\Windows\Sun\Java\lib\ext"/>
    <property name="sun.boot.class.path" value="C:\Program Files\Java\jre6\lib\resources.jar;C:\Program Files\Java\jre6\lib\rt.jar;C:\Program Files\Java\jre6\lib\sunrsasign.jar;C:\Program Files\Java\jre6\lib\jsse.jar;C:\Program Files\Java\jre6\lib\jce.jar;C:\Program Files\Java\jre6\lib\charsets.jar;C:\Program Files\Java\jre6\classes"/>
    <property name="java.vendor" value="Sun Microsystems Inc."/>
    <property name="localRepository" value="D:\Dev\maven_repo"/>
    <property name="file.separator" value="\"/>
    <property name="java.vendor.url.bug" value="http://java.sun.com/cgi-bin/bugreport.cgi"/>
    <property name="sun.cpu.endian" value="little"/>
    <property name="sun.io.unicode.encoding" value="UnicodeLittle"/>
    <property name="sun.desktop" value="windows"/>
    <property name="sun.cpu.isalist" value="pentium_pro+mmx pentium_pro pentium+mmx pentium i486 i386 i86"/>
  </properties>
  <testcase time="0.001" classname="com.pogodin.jdbcTM.AppTest" name="testApp"/>
</testsuite>